<?xml version="1.0" encoding="UTF-8"?>
<testng-results skipped="0" failed="0" total="1" passed="1">
  <reporter-output>
  </reporter-output>
  <suite name="Tests" duration-ms="9418" started-at="2015-08-31T23:04:05Z" finished-at="2015-08-31T23:04:14Z">
    <groups>
    </groups>
    <test name="Test1" duration-ms="9418" started-at="2015-08-31T23:04:05Z" finished-at="2015-08-31T23:04:14Z">
      <class name="ru.stqa.selenium.Login_Test">
        <test-method status="PASS" signature="init()[pri:0, instance:ru.stqa.selenium.Login_Test@51ead5b]" name="init" is-config="true" duration-ms="6231" started-at="2015-08-31T19:04:05Z" finished-at="2015-08-31T19:04:11Z">
          <reporter-output>
          </reporter-output>
        </test-method> <!-- init -->
        <test-method status="PASS" signature="testLoginAdmin()[pri:0, instance:ru.stqa.selenium.Login_Test@51ead5b]" name="testLoginAdmin" duration-ms="3169" started-at="2015-08-31T19:04:11Z" finished-at="2015-08-31T19:04:14Z">
          <reporter-output>
          </reporter-output>
        </test-method> <!-- testLoginAdmin -->
        <test-method status="PASS" signature="tearDown()[pri:0, instance:ru.stqa.selenium.Login_Test@51ead5b]" name="tearDown" is-config="true" duration-ms="784" started-at="2015-08-31T19:04:15Z" finished-at="2015-08-31T19:04:16Z">
          <reporter-output>
          </reporter-output>
        </test-method> <!-- tearDown -->
      </class> <!-- ru.stqa.selenium.Login_Test -->
    </test> <!-- Test1 -->
  </suite> <!-- Tests -->
</testng-results>
