<?xml version="1.0" encoding="UTF-8"?>
<testng-results skipped="0" failed="0" total="1" passed="1">
  <reporter-output>
  </reporter-output>
  <suite name="Tests" duration-ms="11876" started-at="2015-08-28T09:09:51Z" finished-at="2015-08-28T09:10:03Z">
    <groups>
    </groups>
    <test name="Test1" duration-ms="11876" started-at="2015-08-28T09:09:51Z" finished-at="2015-08-28T09:10:03Z">
      <class name="ru.stqa.selenium.Login_Test">
        <test-method status="PASS" signature="init()[pri:0, instance:ru.stqa.selenium.Login_Test@d8bb52b]" name="init" is-config="true" duration-ms="9365" started-at="2015-08-28T12:09:51Z" finished-at="2015-08-28T12:10:01Z">
          <reporter-output>
          </reporter-output>
        </test-method> <!-- init -->
        <test-method status="PASS" signature="testLoginAdmin()[pri:0, instance:ru.stqa.selenium.Login_Test@d8bb52b]" name="testLoginAdmin" duration-ms="2494" started-at="2015-08-28T12:10:01Z" finished-at="2015-08-28T12:10:03Z">
          <reporter-output>
          </reporter-output>
        </test-method> <!-- testLoginAdmin -->
        <test-method status="PASS" signature="tearDown()[pri:0, instance:ru.stqa.selenium.Login_Test@d8bb52b]" name="tearDown" is-config="true" duration-ms="736" started-at="2015-08-28T12:10:06Z" finished-at="2015-08-28T12:10:06Z">
          <reporter-output>
          </reporter-output>
        </test-method> <!-- tearDown -->
      </class> <!-- ru.stqa.selenium.Login_Test -->
    </test> <!-- Test1 -->
  </suite> <!-- Tests -->
</testng-results>
